  main.cpp
c:\users\kamil\source\repos\glutproject\glutproject\main.cpp(37): warning C4244: "inicjowanie": konwersja z "double" do "float", możliwa utrata danych
c:\users\kamil\source\repos\glutproject\glutproject\main.cpp(77): warning C4305: "argument": obcięcie z "double" do "GLfloat"
c:\users\kamil\source\repos\glutproject\glutproject\main.cpp(165): warning C4244: "=": konwersja z "double" do "float", możliwa utrata danych
c:\users\kamil\source\repos\glutproject\glutproject\main.cpp(166): warning C4244: "=": konwersja z "double" do "float", możliwa utrata danych
c:\users\kamil\source\repos\glutproject\glutproject\main.cpp(176): warning C4244: "=": konwersja z "double" do "float", możliwa utrata danych
c:\users\kamil\source\repos\glutproject\glutproject\main.cpp(177): warning C4244: "=": konwersja z "double" do "float", możliwa utrata danych
c:\users\kamil\source\repos\glutproject\glutproject\main.cpp(185): warning C4244: "=": konwersja z "double" do "float", możliwa utrata danych
c:\users\kamil\source\repos\glutproject\glutproject\main.cpp(186): warning C4244: "=": konwersja z "double" do "float", możliwa utrata danych
c:\users\kamil\source\repos\glutproject\glutproject\main.cpp(201): warning C4244: "inicjowanie": konwersja z "float" do "int", możliwa utrata danych
c:\users\kamil\source\repos\glutproject\glutproject\main.cpp(206): warning C4244: "=": konwersja z "double" do "float", możliwa utrata danych
c:\users\kamil\source\repos\glutproject\glutproject\main.cpp(207): warning C4244: "=": konwersja z "double" do "float", możliwa utrata danych
c:\users\kamil\source\repos\glutproject\glutproject\main.cpp(215): warning C4244: "=": konwersja z "double" do "float", możliwa utrata danych
c:\users\kamil\source\repos\glutproject\glutproject\main.cpp(216): warning C4244: "=": konwersja z "double" do "float", możliwa utrata danych
c:\users\kamil\source\repos\glutproject\glutproject\main.cpp(225): warning C4244: "inicjowanie": konwersja z "float" do "int", możliwa utrata danych
c:\users\kamil\source\repos\glutproject\glutproject\main.cpp(230): warning C4244: "=": konwersja z "double" do "float", możliwa utrata danych
c:\users\kamil\source\repos\glutproject\glutproject\main.cpp(231): warning C4244: "=": konwersja z "double" do "float", możliwa utrata danych
c:\users\kamil\source\repos\glutproject\glutproject\main.cpp(232): warning C4244: "argument": konwersja z "double" do "GLfloat", możliwa utrata danych
c:\users\kamil\source\repos\glutproject\glutproject\main.cpp(233): warning C4244: "argument": konwersja z "double" do "GLfloat", możliwa utrata danych
c:\users\kamil\source\repos\glutproject\glutproject\main.cpp(241): warning C4244: "=": konwersja z "double" do "float", możliwa utrata danych
c:\users\kamil\source\repos\glutproject\glutproject\main.cpp(242): warning C4244: "=": konwersja z "double" do "float", możliwa utrata danych
c:\users\kamil\source\repos\glutproject\glutproject\main.cpp(243): warning C4244: "argument": konwersja z "double" do "GLfloat", możliwa utrata danych
c:\users\kamil\source\repos\glutproject\glutproject\main.cpp(244): warning C4244: "argument": konwersja z "double" do "GLfloat", możliwa utrata danych
c:\users\kamil\source\repos\glutproject\glutproject\main.cpp(251): warning C4244: "inicjowanie": konwersja z "float" do "int", możliwa utrata danych
c:\users\kamil\source\repos\glutproject\glutproject\main.cpp(252): warning C4244: "=": konwersja z "double" do "float", możliwa utrata danych
c:\users\kamil\source\repos\glutproject\glutproject\main.cpp(253): warning C4244: "=": konwersja z "double" do "float", możliwa utrata danych
c:\users\kamil\source\repos\glutproject\glutproject\main.cpp(255): warning C4244: "argument": konwersja z "double" do "GLfloat", możliwa utrata danych
c:\users\kamil\source\repos\glutproject\glutproject\main.cpp(256): warning C4244: "argument": konwersja z "double" do "GLfloat", możliwa utrata danych
c:\users\kamil\source\repos\glutproject\glutproject\main.cpp(260): warning C4244: "=": konwersja z "double" do "float", możliwa utrata danych
c:\users\kamil\source\repos\glutproject\glutproject\main.cpp(261): warning C4244: "=": konwersja z "double" do "float", możliwa utrata danych
c:\users\kamil\source\repos\glutproject\glutproject\main.cpp(263): warning C4244: "argument": konwersja z "double" do "GLfloat", możliwa utrata danych
c:\users\kamil\source\repos\glutproject\glutproject\main.cpp(264): warning C4244: "argument": konwersja z "double" do "GLfloat", możliwa utrata danych
c:\users\kamil\source\repos\glutproject\glutproject\main.cpp(269): warning C4244: "=": konwersja z "double" do "float", możliwa utrata danych
c:\users\kamil\source\repos\glutproject\glutproject\main.cpp(270): warning C4244: "=": konwersja z "double" do "float", możliwa utrata danych
c:\users\kamil\source\repos\glutproject\glutproject\main.cpp(272): warning C4244: "argument": konwersja z "double" do "GLfloat", możliwa utrata danych
c:\users\kamil\source\repos\glutproject\glutproject\main.cpp(273): warning C4244: "argument": konwersja z "double" do "GLfloat", możliwa utrata danych
c:\users\kamil\source\repos\glutproject\glutproject\main.cpp(279): warning C4244: "inicjowanie": konwersja z "float" do "int", możliwa utrata danych
c:\users\kamil\source\repos\glutproject\glutproject\main.cpp(284): warning C4244: "=": konwersja z "double" do "float", możliwa utrata danych
c:\users\kamil\source\repos\glutproject\glutproject\main.cpp(285): warning C4244: "=": konwersja z "double" do "float", możliwa utrata danych
c:\users\kamil\source\repos\glutproject\glutproject\main.cpp(286): warning C4244: "argument": konwersja z "double" do "GLfloat", możliwa utrata danych
c:\users\kamil\source\repos\glutproject\glutproject\main.cpp(295): warning C4244: "=": konwersja z "double" do "float", możliwa utrata danych
c:\users\kamil\source\repos\glutproject\glutproject\main.cpp(296): warning C4244: "=": konwersja z "double" do "float", możliwa utrata danych
c:\users\kamil\source\repos\glutproject\glutproject\main.cpp(297): warning C4244: "argument": konwersja z "double" do "GLfloat", możliwa utrata danych
c:\users\kamil\source\repos\glutproject\glutproject\main.cpp(305): warning C4244: "inicjowanie": konwersja z "float" do "int", możliwa utrata danych
c:\users\kamil\source\repos\glutproject\glutproject\main.cpp(310): warning C4244: "=": konwersja z "double" do "float", możliwa utrata danych
c:\users\kamil\source\repos\glutproject\glutproject\main.cpp(311): warning C4244: "=": konwersja z "double" do "float", możliwa utrata danych
c:\users\kamil\source\repos\glutproject\glutproject\main.cpp(312): warning C4244: "argument": konwersja z "double" do "GLfloat", możliwa utrata danych
c:\users\kamil\source\repos\glutproject\glutproject\main.cpp(321): warning C4244: "=": konwersja z "double" do "float", możliwa utrata danych
c:\users\kamil\source\repos\glutproject\glutproject\main.cpp(322): warning C4244: "=": konwersja z "double" do "float", możliwa utrata danych
c:\users\kamil\source\repos\glutproject\glutproject\main.cpp(323): warning C4244: "argument": konwersja z "double" do "GLfloat", możliwa utrata danych
c:\users\kamil\source\repos\glutproject\glutproject\main.cpp(333): warning C4305: "argument": obcięcie z "double" do "GLfloat"
c:\users\kamil\source\repos\glutproject\glutproject\main.cpp(334): warning C4305: "argument": obcięcie z "double" do "GLfloat"
c:\users\kamil\source\repos\glutproject\glutproject\main.cpp(345): warning C4305: "argument": obcięcie z "double" do "GLfloat"
c:\users\kamil\source\repos\glutproject\glutproject\main.cpp(346): warning C4305: "argument": obcięcie z "double" do "GLfloat"
c:\users\kamil\source\repos\glutproject\glutproject\main.cpp(371): warning C4305: "argument": obcięcie z "double" do "GLfloat"
c:\users\kamil\source\repos\glutproject\glutproject\main.cpp(374): warning C4305: "argument": obcięcie z "double" do "GLfloat"
c:\users\kamil\source\repos\glutproject\glutproject\main.cpp(377): warning C4305: "argument": obcięcie z "double" do "float"
c:\users\kamil\source\repos\glutproject\glutproject\main.cpp(378): warning C4305: "argument": obcięcie z "double" do "float"
c:\users\kamil\source\repos\glutproject\glutproject\main.cpp(383): warning C4305: "argument": obcięcie z "double" do "float"
c:\users\kamil\source\repos\glutproject\glutproject\main.cpp(387): warning C4305: "argument": obcięcie z "double" do "GLfloat"
c:\users\kamil\source\repos\glutproject\glutproject\main.cpp(390): warning C4305: "argument": obcięcie z "double" do "GLfloat"
c:\users\kamil\source\repos\glutproject\glutproject\main.cpp(391): warning C4305: "argument": obcięcie z "double" do "float"
c:\users\kamil\source\repos\glutproject\glutproject\main.cpp(392): warning C4305: "argument": obcięcie z "double" do "float"
c:\users\kamil\source\repos\glutproject\glutproject\main.cpp(393): warning C4305: "argument": obcięcie z "double" do "float"
c:\users\kamil\source\repos\glutproject\glutproject\main.cpp(394): warning C4305: "argument": obcięcie z "double" do "float"
c:\users\kamil\source\repos\glutproject\glutproject\main.cpp(399): warning C4305: "argument": obcięcie z "double" do "float"
c:\users\kamil\source\repos\glutproject\glutproject\main.cpp(400): warning C4305: "argument": obcięcie z "double" do "GLfloat"
  Trwa generowanie kodu
  1 of 24 functions ( 4.2%) were compiled, the rest were copied from previous compilation.
    0 functions were new in current compilation
    1 functions had inline decision re-evaluated but remain unchanged
  Zakończono generowanie kodu
  GLUTproject.vcxproj -> C:\Users\kamil\source\repos\GLUTproject\Release\GLUTproject.exe
